#
# There is insufficient memory for the Java Runtime Environment to continue.
# Native memory allocation (malloc) failed to allocate 2157456 bytes for Chunk::new
# Possible reasons:
#   The system is out of physical RAM or swap space
#   The process is running with CompressedOops enabled, and the Java Heap may be blocking the growth of the native heap
# Possible solutions:
#   Reduce memory load on the system
#   Increase physical memory or swap space
#   Check if swap backing store is full
#   Decrease Java heap size (-Xmx/-Xms)
#   Decrease number of Java threads
#   Decrease Java thread stack sizes (-Xss)
#   Set larger code cache with -XX:ReservedCodeCacheSize=
#   JVM is running with Unscaled Compressed Oops mode in which the Java heap is
#     placed in the first 4GB address space. The Java Heap base address is the
#     maximum limit for the native heap growth. Please use -XX:HeapBaseMinAddress
#     to set the Java Heap base and to place the Java Heap above 4GB virtual address.
# This output file may be truncated or incomplete.
#
#  Out of Memory Error (allocation.cpp:389), pid=25368, tid=0x0000000000002848
#
# JRE version: OpenJDK Runtime Environment (8.0_242-b01) (build 1.8.0_242-release-1644-b01)
# Java VM: OpenJDK 64-Bit Server VM (25.242-b01 mixed mode windows-amd64 compressed oops)
# Failed to write core dump. Minidumps are not enabled by default on client versions of Windows
#

---------------  T H R E A D  ---------------

Current thread (0x000000001829c800):  JavaThread "C2 CompilerThread0" daemon [_thread_in_native, id=10312, stack(0x0000000018850000,0x0000000018950000)]

Stack: [0x0000000018850000,0x0000000018950000]
[error occurred during error reporting (printing stack bounds), id 0xc0000005]

Native frames: (J=compiled Java code, j=interpreted, Vv=VM code, C=native code)


Current CompileTask:
C2:   5746 2520   !   4       java.net.URLClassLoader$1::run (63 bytes)


---------------  P R O C E S S  ---------------

Java Threads: ( => current thread )
  0x000000001f44c000 JavaThread "Cache worker for execution history cache (E:\JetBrains\.gradle\caches\5.1.1\executionHistory)" [_thread_blocked, id=10580, stack(0x0000000020a40000,0x0000000020b40000)]
  0x000000001a3ce000 JavaThread "Cache worker for cache directory md-rule (E:\JetBrains\.gradle\caches\5.1.1\md-rule)" [_thread_blocked, id=23676, stack(0x0000000020940000,0x0000000020a40000)]
  0x000000001a3cd000 JavaThread "Cache worker for cache directory md-supplier (E:\JetBrains\.gradle\caches\5.1.1\md-supplier)" [_thread_blocked, id=11924, stack(0x000000001ef80000,0x000000001f080000)]
  0x000000001a3ce800 JavaThread "File lock release action executor" [_thread_blocked, id=21268, stack(0x000000001e9a0000,0x000000001eaa0000)]
  0x000000001a3d0000 JavaThread "Cache worker for file hash cache (E:\Android\project\AiTBxxForAndroid\.gradle\5.1.1\fileHashes)" [_thread_blocked, id=19736, stack(0x000000001d8d0000,0x000000001d9d0000)]
  0x000000001a3cc800 JavaThread "Cache worker for journal cache (E:\JetBrains\.gradle\caches\journal-1)" [_thread_blocked, id=3656, stack(0x000000001b630000,0x000000001b730000)]
  0x000000001a3d3000 JavaThread "File lock request listener" [_thread_in_native, id=2308, stack(0x000000001b430000,0x000000001b530000)]
  0x000000001a272000 JavaThread "Cache worker for file hash cache (E:\JetBrains\.gradle\caches\5.1.1\fileHashes)" [_thread_blocked, id=20112, stack(0x000000001b330000,0x000000001b430000)]
  0x0000000018e23800 JavaThread "Thread-8" [_thread_blocked, id=22036, stack(0x000000001b230000,0x000000001b330000)]
  0x0000000018e22000 JavaThread "Stdin handler" [_thread_blocked, id=23420, stack(0x000000001b130000,0x000000001b230000)]
  0x0000000018e21000 JavaThread "Asynchronous log dispatcher for DefaultDaemonConnection: socket connection from /127.0.0.1:52969 to /127.0.0.1:52970" [_thread_blocked, id=14840, stack(0x000000001b030000,0x000000001b130000)]
  0x000000001a1ad800 JavaThread "Daemon worker" [_thread_in_Java, id=24716, stack(0x000000001af30000,0x000000001b030000)]
  0x0000000018e33800 JavaThread "Cancel handler" [_thread_blocked, id=24188, stack(0x000000001ae30000,0x000000001af30000)]
  0x0000000018e19000 JavaThread "Handler for socket connection from /127.0.0.1:52969 to /127.0.0.1:52970" [_thread_in_native, id=9760, stack(0x000000001ab30000,0x000000001ac30000)]
  0x0000000018e15000 JavaThread "Daemon" [_thread_blocked, id=1596, stack(0x000000001aa30000,0x000000001ab30000)]
  0x0000000018563800 JavaThread "Daemon periodic checks" [_thread_blocked, id=5828, stack(0x000000001a930000,0x000000001aa30000)]
  0x0000000019509000 JavaThread "Incoming local TCP Connector on port 52969" [_thread_in_native, id=6372, stack(0x000000001a780000,0x000000001a880000)]
  0x000000001831b000 JavaThread "Service Thread" daemon [_thread_blocked, id=8732, stack(0x0000000018b50000,0x0000000018c50000)]
  0x00000000182a0800 JavaThread "C1 CompilerThread2" daemon [_thread_blocked, id=18124, stack(0x0000000018a50000,0x0000000018b50000)]
  0x000000001829f000 JavaThread "C2 CompilerThread1" daemon [_thread_in_native, id=18864, stack(0x0000000018950000,0x0000000018a50000)]
=>0x000000001829c800 JavaThread "C2 CompilerThread0" daemon [_thread_in_native, id=10312, stack(0x0000000018850000,0x0000000018950000)]
  0x000000001829b800 JavaThread "Attach Listener" daemon [_thread_blocked, id=24748, stack(0x0000000018750000,0x0000000018850000)]
  0x00000000168e2000 JavaThread "Signal Dispatcher" daemon [_thread_blocked, id=20844, stack(0x0000000018650000,0x0000000018750000)]
  0x0000000002d1b800 JavaThread "Finalizer" daemon [_thread_blocked, id=21612, stack(0x0000000018150000,0x0000000018250000)]
  0x00000000168bb000 JavaThread "Reference Handler" daemon [_thread_blocked, id=23928, stack(0x0000000018050000,0x0000000018150000)]
  0x0000000002c22800 JavaThread "main" [_thread_blocked, id=10588, stack(0x0000000002b20000,0x0000000002c20000)]

Other Threads:
  0x0000000016896800 VMThread [stack: 0x0000000017f50000,0x0000000018050000] [id=18904]
  0x000000001832e000 WatcherThread [stack: 0x0000000018c50000,0x0000000018d50000] [id=8512]

VM state:not at safepoint (normal execution)

VM Mutex/Monitor currently owned by a thread: None

heap address: 0x00000000a0000000, size: 1536 MB, Compressed Oops mode: 32-bit
Narrow klass base: 0x0000000000000000, Narrow klass shift: 3
Compressed class space size: 1073741824 Address: 0x0000000100000000

Heap:
 PSYoungGen      total 70656K, used 50637K [0x00000000e0000000, 0x00000000e7600000, 0x0000000100000000)
  eden space 65536K, 69% used [0x00000000e0000000,0x00000000e2c784e0,0x00000000e4000000)
  from space 5120K, 99% used [0x00000000e4000000,0x00000000e44fb1d0,0x00000000e4500000)
  to   space 12800K, 0% used [0x00000000e6980000,0x00000000e6980000,0x00000000e7600000)
 ParOldGen       total 68608K, used 14393K [0x00000000a0000000, 0x00000000a4300000, 0x00000000e0000000)
  object space 68608K, 20% used [0x00000000a0000000,0x00000000a0e0e5b0,0x00000000a4300000)
 Metaspace       used 31999K, capacity 32578K, committed 32768K, reserved 1077248K
  class space    used 4316K, capacity 4506K, committed 4608K, reserved 1048576K

Card table byte_map: [0x00000000120e0000,0x00000000123f0000] byte_map_base: 0x0000000011be0000

Marking Bits: (ParMarkBitMap*) 0x000000005885f030
 Begin Bits: [0x0000000012bf0000, 0x00000000143f0000)
 End Bits:   [0x00000000143f0000, 0x0000000015bf0000)

Polling page: 0x00000000026f0000

CodeCache: size=245760Kb used=9696Kb max_used=9696Kb free=236063Kb
 bounds [0x0000000002d20000, 0x00000000036a0000, 0x0000000011d20000]
 total_blobs=3250 nmethods=2550 adapters=613
 compilation: enabled

Compilation events (10 events):
Event: 5.667 Thread 0x00000000182a0800 2551       1       sun.nio.ch.NativeThread::current (2 bytes)
Event: 5.667 Thread 0x00000000182a0800 nmethod 2551 0x000000000369a810 code [0x000000000369a960, 0x000000000369aa50]
Event: 5.681 Thread 0x00000000182a0800 2553       3       org.gradle.cache.internal.btree.FreeListBlockStore$FreeListEntry::<init> (7 bytes)
Event: 5.682 Thread 0x00000000182a0800 nmethod 2553 0x000000000369aa90 code [0x000000000369ac00, 0x000000000369ae30]
Event: 5.682 Thread 0x00000000182a0800 2554       3       org.gradle.cache.internal.btree.FreeListBlockStore$FreeListEntry::<init> (15 bytes)
Event: 5.682 Thread 0x00000000182a0800 nmethod 2554 0x000000000369af50 code [0x000000000369b0a0, 0x000000000369b270]
Event: 5.682 Thread 0x00000000182a0800 2552       3       com.google.common.cache.LocalCache$Segment::drainRecencyQueue (45 bytes)
Event: 5.682 Thread 0x00000000182a0800 nmethod 2552 0x000000000369b310 code [0x000000000369b4c0, 0x000000000369bac8]
Event: 5.682 Thread 0x00000000182a0800 2555       1       org.gradle.cache.internal.btree.FileBackedBlockStore::access$500 (5 bytes)
Event: 5.682 Thread 0x00000000182a0800 nmethod 2555 0x000000000369bc90 code [0x000000000369bde0, 0x000000000369bed0]

GC Heap History (10 events):
Event: 0.988 GC heap before
{Heap before GC invocations=2 (full 0):
 PSYoungGen      total 37888K, used 37299K [0x00000000e0000000, 0x00000000e4a00000, 0x0000000100000000)
  eden space 32768K, 100% used [0x00000000e0000000,0x00000000e2000000,0x00000000e2000000)
  from space 5120K, 88% used [0x00000000e2000000,0x00000000e246ccd0,0x00000000e2500000)
  to   space 5120K, 0% used [0x00000000e4500000,0x00000000e4500000,0x00000000e4a00000)
 ParOldGen       total 86016K, used 8K [0x00000000a0000000, 0x00000000a5400000, 0x00000000e0000000)
  object space 86016K, 0% used [0x00000000a0000000,0x00000000a0002000,0x00000000a5400000)
 Metaspace       used 8373K, capacity 8630K, committed 8832K, reserved 1056768K
  class space    used 1047K, capacity 1113K, committed 1152K, reserved 1048576K
Event: 0.993 GC heap after
Heap after GC invocations=2 (full 0):
 PSYoungGen      total 70656K, used 4344K [0x00000000e0000000, 0x00000000e4a00000, 0x0000000100000000)
  eden space 65536K, 0% used [0x00000000e0000000,0x00000000e0000000,0x00000000e4000000)
  from space 5120K, 84% used [0x00000000e4500000,0x00000000e493e218,0x00000000e4a00000)
  to   space 5120K, 0% used [0x00000000e4000000,0x00000000e4000000,0x00000000e4500000)
 ParOldGen       total 86016K, used 16K [0x00000000a0000000, 0x00000000a5400000, 0x00000000e0000000)
  object space 86016K, 0% used [0x00000000a0000000,0x00000000a0004000,0x00000000a5400000)
 Metaspace       used 8373K, capacity 8630K, committed 8832K, reserved 1056768K
  class space    used 1047K, capacity 1113K, committed 1152K, reserved 1048576K
}
Event: 2.074 GC heap before
{Heap before GC invocations=3 (full 0):
 PSYoungGen      total 70656K, used 69880K [0x00000000e0000000, 0x00000000e4a00000, 0x0000000100000000)
  eden space 65536K, 100% used [0x00000000e0000000,0x00000000e4000000,0x00000000e4000000)
  from space 5120K, 84% used [0x00000000e4500000,0x00000000e493e218,0x00000000e4a00000)
  to   space 5120K, 0% used [0x00000000e4000000,0x00000000e4000000,0x00000000e4500000)
 ParOldGen       total 86016K, used 16K [0x00000000a0000000, 0x00000000a5400000, 0x00000000e0000000)
  object space 86016K, 0% used [0x00000000a0000000,0x00000000a0004000,0x00000000a5400000)
 Metaspace       used 15446K, capacity 15838K, committed 16128K, reserved 1062912K
  class space    used 2174K, capacity 2301K, committed 2304K, reserved 1048576K
Event: 2.083 GC heap after
Heap after GC invocations=3 (full 0):
 PSYoungGen      total 70656K, used 5112K [0x00000000e0000000, 0x00000000e4a00000, 0x0000000100000000)
  eden space 65536K, 0% used [0x00000000e0000000,0x00000000e0000000,0x00000000e4000000)
  from space 5120K, 99% used [0x00000000e4000000,0x00000000e44fe050,0x00000000e4500000)
  to   space 5120K, 0% used [0x00000000e4500000,0x00000000e4500000,0x00000000e4a00000)
 ParOldGen       total 86016K, used 5138K [0x00000000a0000000, 0x00000000a5400000, 0x00000000e0000000)
  object space 86016K, 5% used [0x00000000a0000000,0x00000000a0504890,0x00000000a5400000)
 Metaspace       used 15446K, capacity 15838K, committed 16128K, reserved 1062912K
  class space    used 2174K, capacity 2301K, committed 2304K, reserved 1048576K
}
Event: 4.136 GC heap before
{Heap before GC invocations=4 (full 0):
 PSYoungGen      total 70656K, used 58084K [0x00000000e0000000, 0x00000000e4a00000, 0x0000000100000000)
  eden space 65536K, 80% used [0x00000000e0000000,0x00000000e33bb328,0x00000000e4000000)
  from space 5120K, 99% used [0x00000000e4000000,0x00000000e44fe050,0x00000000e4500000)
  to   space 5120K, 0% used [0x00000000e4500000,0x00000000e4500000,0x00000000e4a00000)
 ParOldGen       total 86016K, used 5138K [0x00000000a0000000, 0x00000000a5400000, 0x00000000e0000000)
  object space 86016K, 5% used [0x00000000a0000000,0x00000000a0504890,0x00000000a5400000)
 Metaspace       used 20603K, capacity 21170K, committed 21296K, reserved 1067008K
  class space    used 2933K, capacity 3163K, committed 3200K, reserved 1048576K
Event: 4.147 GC heap after
Heap after GC invocations=4 (full 0):
 PSYoungGen      total 70656K, used 5096K [0x00000000e0000000, 0x00000000e4a00000, 0x0000000100000000)
  eden space 65536K, 0% used [0x00000000e0000000,0x00000000e0000000,0x00000000e4000000)
  from space 5120K, 99% used [0x00000000e4500000,0x00000000e49fa040,0x00000000e4a00000)
  to   space 5120K, 0% used [0x00000000e4000000,0x00000000e4000000,0x00000000e4500000)
 ParOldGen       total 86016K, used 10934K [0x00000000a0000000, 0x00000000a5400000, 0x00000000e0000000)
  object space 86016K, 12% used [0x00000000a0000000,0x00000000a0aadb58,0x00000000a5400000)
 Metaspace       used 20603K, capacity 21170K, committed 21296K, reserved 1067008K
  class space    used 2933K, capacity 3163K, committed 3200K, reserved 1048576K
}
Event: 4.147 GC heap before
{Heap before GC invocations=5 (full 1):
 PSYoungGen      total 70656K, used 5096K [0x00000000e0000000, 0x00000000e4a00000, 0x0000000100000000)
  eden space 65536K, 0% used [0x00000000e0000000,0x00000000e0000000,0x00000000e4000000)
  from space 5120K, 99% used [0x00000000e4500000,0x00000000e49fa040,0x00000000e4a00000)
  to   space 5120K, 0% used [0x00000000e4000000,0x00000000e4000000,0x00000000e4500000)
 ParOldGen       total 86016K, used 10934K [0x00000000a0000000, 0x00000000a5400000, 0x00000000e0000000)
  object space 86016K, 12% used [0x00000000a0000000,0x00000000a0aadb58,0x00000000a5400000)
 Metaspace       used 20603K, capacity 21170K, committed 21296K, reserved 1067008K
  class space    used 2933K, capacity 3163K, committed 3200K, reserved 1048576K
Event: 4.192 GC heap after
Heap after GC invocations=5 (full 1):
 PSYoungGen      total 70656K, used 0K [0x00000000e0000000, 0x00000000e4a00000, 0x0000000100000000)
  eden space 65536K, 0% used [0x00000000e0000000,0x00000000e0000000,0x00000000e4000000)
  from space 5120K, 0% used [0x00000000e4500000,0x00000000e4500000,0x00000000e4a00000)
  to   space 5120K, 0% used [0x00000000e4000000,0x00000000e4000000,0x00000000e4500000)
 ParOldGen       total 68608K, used 10707K [0x00000000a0000000, 0x00000000a4300000, 0x00000000e0000000)
  object space 68608K, 15% used [0x00000000a0000000,0x00000000a0a74c58,0x00000000a4300000)
 Metaspace       used 20603K, capacity 21170K, committed 21296K, reserved 1067008K
  class space    used 2933K, capacity 3163K, committed 3200K, reserved 1048576K
}
Event: 5.392 GC heap before
{Heap before GC invocations=6 (full 1):
 PSYoungGen      total 70656K, used 65531K [0x00000000e0000000, 0x00000000e4a00000, 0x0000000100000000)
  eden space 65536K, 99% used [0x00000000e0000000,0x00000000e3ffee88,0x00000000e4000000)
  from space 5120K, 0% used [0x00000000e4500000,0x00000000e4500000,0x00000000e4a00000)
  to   space 5120K, 0% used [0x00000000e4000000,0x00000000e4000000,0x00000000e4500000)
 ParOldGen       total 68608K, used 10707K [0x00000000a0000000, 0x00000000a4300000, 0x00000000e0000000)
  object space 68608K, 15% used [0x00000000a0000000,0x00000000a0a74c58,0x00000000a4300000)
 Metaspace       used 29056K, capacity 29644K, committed 29952K, reserved 1075200K
  class space    used 3813K, capacity 4043K, committed 4096K, reserved 1048576K
Event: 5.399 GC heap after
Heap after GC invocations=6 (full 1):
 PSYoungGen      total 70656K, used 5100K [0x00000000e0000000, 0x00000000e7600000, 0x0000000100000000)
  eden space 65536K, 0% used [0x00000000e0000000,0x00000000e0000000,0x00000000e4000000)
  from space 5120K, 99% used [0x00000000e4000000,0x00000000e44fb1d0,0x00000000e4500000)
  to   space 12800K, 0% used [0x00000000e6980000,0x00000000e6980000,0x00000000e7600000)
 ParOldGen       total 68608K, used 14393K [0x00000000a0000000, 0x00000000a4300000, 0x00000000e0000000)
  object space 68608K, 20% used [0x00000000a0000000,0x00000000a0e0e5b0,0x00000000a4300000)
 Metaspace       used 29056K, capacity 29644K, committed 29952K, reserved 1075200K
  class space    used 3813K, capacity 4043K, committed 4096K, reserved 1048576K
}

Deoptimization events (10 events):
Event: 5.203 Thread 0x000000001a1ad800 Uncommon trap: reason=class_check action=maybe_recompile pc=0x00000000030850ac method=sun.misc.URLClassPath.getResource(Ljava/lang/String;Z)Lsun/misc/Resource; @ 62
Event: 5.203 Thread 0x000000001a1ad800 Uncommon trap: reason=unstable_if action=reinterpret pc=0x00000000034c9dcc method=java.lang.String.regionMatches(ZILjava/lang/String;II)Z @ 41
Event: 5.225 Thread 0x000000001a1ad800 Uncommon trap: reason=class_check action=maybe_recompile pc=0x0000000003494a28 method=sun.misc.URLClassPath.getLoader(I)Lsun/misc/URLClassPath$Loader; @ 239
Event: 5.225 Thread 0x000000001a1ad800 Uncommon trap: reason=unstable_if action=reinterpret pc=0x000000000320fda8 method=java.lang.String.regionMatches(ZILjava/lang/String;II)Z @ 41
Event: 5.231 Thread 0x000000001a1ad800 Uncommon trap: reason=class_check action=maybe_recompile pc=0x0000000003494a28 method=sun.misc.URLClassPath.getLoader(I)Lsun/misc/URLClassPath$Loader; @ 239
Event: 5.254 Thread 0x000000001a1ad800 Uncommon trap: reason=class_check action=maybe_recompile pc=0x0000000003494a28 method=sun.misc.URLClassPath.getLoader(I)Lsun/misc/URLClassPath$Loader; @ 239
Event: 5.301 Thread 0x000000001a1ad800 Uncommon trap: reason=class_check action=maybe_recompile pc=0x000000000348e004 method=sun.misc.URLClassPath.getLoader(I)Lsun/misc/URLClassPath$Loader; @ 239
Event: 5.336 Thread 0x000000001a1ad800 Uncommon trap: reason=unstable_if action=reinterpret pc=0x00000000031d8568 method=java.util.HashMap.hash(Ljava/lang/Object;)I @ 1
Event: 5.382 Thread 0x000000001a1ad800 Uncommon trap: reason=unstable_if action=reinterpret pc=0x0000000002fe037c method=java.io.WinNTFileSystem.resolve(Ljava/lang/String;Ljava/lang/String;)Ljava/lang/String; @ 49
Event: 5.575 Thread 0x000000001a1ad800 Uncommon trap: reason=unstable_if action=reinterpret pc=0x00000000036537c8 method=org.objectweb.asm.Type.appendDescriptor(Ljava/lang/Class;Ljava/lang/StringBuilder;)V @ 6

Classes redefined (0 events):
No events

Internal exceptions (10 events):
Event: 5.265 Thread 0x000000001a1ad800 Exception <a 'java/lang/ClassNotFoundException': groovy/lang/Closure$1Customizer> (0x00000000e2b998e0) thrown at [C:\src\AOSP-openjdk-git\hotspot\src\share\vm\classfile\systemDictionary.cpp, line 210]
Event: 5.299 Thread 0x000000001a1ad800 Exception <a 'java/lang/ClassNotFoundException': org/gradle/internal/metaobject/ConfigureDelegateBeanInfo> (0x00000000e3013ec8) thrown at [C:\src\AOSP-openjdk-git\hotspot\src\share\vm\classfile\systemDictionary.cpp, line 210]
Event: 5.300 Thread 0x000000001a1ad800 Exception <a 'java/lang/ClassNotFoundException': org/gradle/internal/metaobject/ConfigureDelegateCustomizer> (0x00000000e303e658) thrown at [C:\src\AOSP-openjdk-git\hotspot\src\share\vm\classfile\systemDictionary.cpp, line 210]
Event: 5.309 Thread 0x000000001a1ad800 Exception <a 'java/lang/ClassNotFoundException': org/gradle/api/internal/initialization/DefaultScriptHandlerBeanInfo> (0x00000000e30c51a8) thrown at [C:\src\AOSP-openjdk-git\hotspot\src\share\vm\classfile\systemDictionary.cpp, line 210]
Event: 5.309 Thread 0x000000001a1ad800 Exception <a 'java/lang/ClassNotFoundException': org/gradle/api/internal/initialization/DefaultScriptHandlerCustomizer> (0x00000000e30f63a0) thrown at [C:\src\AOSP-openjdk-git\hotspot\src\share\vm\classfile\systemDictionary.cpp, line 210]
Event: 5.336 Thread 0x000000001a1ad800 Implicit null exception at 0x00000000031d8355 to 0x00000000031d8559
Event: 5.540 Thread 0x000000001a1ad800 Exception <a 'java/lang/ClassNotFoundException': org/gradle/api/internal/artifacts/dsl/dependencies/DefaultDependencyHandler_DecoratedBeanInfo> (0x00000000e15699c8) thrown at [C:\src\AOSP-openjdk-git\hotspot\src\share\vm\classfile\systemDictionary.cpp, li
Event: 5.540 Thread 0x000000001a1ad800 Exception <a 'java/lang/ClassNotFoundException': org/gradle/api/internal/artifacts/dsl/dependencies/DefaultDependencyHandlerBeanInfo> (0x00000000e15bcee0) thrown at [C:\src\AOSP-openjdk-git\hotspot\src\share\vm\classfile\systemDictionary.cpp, line 210]
Event: 5.541 Thread 0x000000001a1ad800 Exception <a 'java/lang/ClassNotFoundException': org/gradle/api/internal/artifacts/dsl/dependencies/DefaultDependencyHandlerCustomizer> (0x00000000e1610f40) thrown at [C:\src\AOSP-openjdk-git\hotspot\src\share\vm\classfile\systemDictionary.cpp, line 210]
Event: 5.542 Thread 0x000000001a1ad800 Exception <a 'java/lang/ClassNotFoundException': org/gradle/api/internal/artifacts/dsl/dependencies/DefaultDependencyHandler_DecoratedCustomizer> (0x00000000e1692da0) thrown at [C:\src\AOSP-openjdk-git\hotspot\src\share\vm\classfile\systemDictionary.cpp, 

Events (10 events):
Event: 5.680 loading class org/gradle/internal/snapshot/impl/DefaultFileSystemSnapshotter$InternableString
Event: 5.680 loading class org/gradle/internal/snapshot/impl/DefaultFileSystemSnapshotter$InternableString done
Event: 5.680 loading class org/gradle/internal/MutableBoolean
Event: 5.680 loading class org/gradle/internal/MutableBoolean done
Event: 5.681 loading class org/gradle/internal/snapshot/impl/DefaultFileSystemSnapshotter$5
Event: 5.681 loading class org/gradle/internal/snapshot/impl/DefaultFileSystemSnapshotter$5 done
Event: 5.681 loading class org/gradle/internal/snapshot/RegularFileSnapshot
Event: 5.681 loading class org/gradle/internal/snapshot/RegularFileSnapshot done
Event: 5.681 loading class org/gradle/internal/snapshot/AbstractFileSystemLocationSnapshot
Event: 5.681 loading class org/gradle/internal/snapshot/AbstractFileSystemLocationSnapshot done


Dynamic libraries:
0x00007ff7d38d0000 - 0x00007ff7d3901000 	E:\Android\Android Studio\jre\bin\java.exe
0x00007ff834010000 - 0x00007ff834205000 	C:\WINDOWS\SYSTEM32\ntdll.dll
0x00007ff833120000 - 0x00007ff8331dd000 	C:\WINDOWS\System32\KERNEL32.DLL
0x00007ff831990000 - 0x00007ff831c57000 	C:\WINDOWS\System32\KERNELBASE.dll
0x00007ff8337e0000 - 0x00007ff83388a000 	C:\WINDOWS\System32\ADVAPI32.dll
0x00007ff832820000 - 0x00007ff8328be000 	C:\WINDOWS\System32\msvcrt.dll
0x00007ff832990000 - 0x00007ff832a2b000 	C:\WINDOWS\System32\sechost.dll
0x00007ff8338c0000 - 0x00007ff8339e3000 	C:\WINDOWS\System32\RPCRT4.dll
0x00007ff833e30000 - 0x00007ff833fd0000 	C:\WINDOWS\System32\USER32.dll
0x00007ff831e70000 - 0x00007ff831e92000 	C:\WINDOWS\System32\win32u.dll
0x00007ff833890000 - 0x00007ff8338ba000 	C:\WINDOWS\System32\GDI32.dll
0x00007ff831760000 - 0x00007ff83186a000 	C:\WINDOWS\System32\gdi32full.dll
0x00007ff8318f0000 - 0x00007ff83198d000 	C:\WINDOWS\System32\msvcp_win.dll
0x00007ff831ea0000 - 0x00007ff831fa0000 	C:\WINDOWS\System32\ucrtbase.dll
0x00007ff81d1a0000 - 0x00007ff81d43a000 	C:\WINDOWS\WinSxS\amd64_microsoft.windows.common-controls_6595b64144ccf1df_6.0.19041.1_none_b555e41d4684ddec\COMCTL32.dll
0x00007ff833e00000 - 0x00007ff833e30000 	C:\WINDOWS\System32\IMM32.DLL
0x0000000057300000 - 0x00000000573d2000 	E:\Android\Android Studio\jre\jre\bin\msvcr100.dll
0x0000000058090000 - 0x00000000588db000 	E:\Android\Android Studio\jre\jre\bin\server\jvm.dll
0x00007ff833400000 - 0x00007ff833408000 	C:\WINDOWS\System32\PSAPI.DLL
0x00007ff820050000 - 0x00007ff820077000 	C:\WINDOWS\SYSTEM32\WINMM.dll
0x00007ff829260000 - 0x00007ff82926a000 	C:\WINDOWS\SYSTEM32\VERSION.dll
0x00007ff81d800000 - 0x00007ff81d809000 	C:\WINDOWS\SYSTEM32\WSOCK32.dll
0x00007ff833560000 - 0x00007ff8335cb000 	C:\WINDOWS\System32\WS2_32.dll
0x00007ff82cdd0000 - 0x00007ff82cddf000 	E:\Android\Android Studio\jre\jre\bin\verify.dll
0x00007ff8141d0000 - 0x00007ff8141f9000 	E:\Android\Android Studio\jre\jre\bin\java.dll
0x00007ff81da30000 - 0x00007ff81da46000 	E:\Android\Android Studio\jre\jre\bin\zip.dll
0x00007ff8320e0000 - 0x00007ff832820000 	C:\WINDOWS\System32\SHELL32.dll
0x00007ff82f8e0000 - 0x00007ff830071000 	C:\WINDOWS\SYSTEM32\windows.storage.dll
0x00007ff833aa0000 - 0x00007ff833df3000 	C:\WINDOWS\System32\combase.dll
0x00007ff8311e0000 - 0x00007ff83120c000 	C:\WINDOWS\SYSTEM32\Wldp.dll
0x00007ff8339f0000 - 0x00007ff833a9e000 	C:\WINDOWS\System32\SHCORE.dll
0x00007ff832080000 - 0x00007ff8320d5000 	C:\WINDOWS\System32\shlwapi.dll
0x00007ff8316a0000 - 0x00007ff8316bf000 	C:\WINDOWS\SYSTEM32\profapi.dll
0x00007ff819590000 - 0x00007ff8195aa000 	E:\Android\Android Studio\jre\jre\bin\net.dll
0x00007ff830f60000 - 0x00007ff830fca000 	C:\WINDOWS\system32\mswsock.dll
0x00007ff8156f0000 - 0x00007ff815703000 	E:\Android\Android Studio\jre\jre\bin\nio.dll
0x00007ff82d510000 - 0x00007ff82d52e000 	E:\JetBrains\.gradle\native\25\windows-amd64\native-platform.dll
0x00007ff82c730000 - 0x00007ff82c73d000 	E:\Android\Android Studio\jre\jre\bin\management.dll
0x00007ff831140000 - 0x00007ff831158000 	C:\WINDOWS\SYSTEM32\CRYPTSP.dll
0x00007ff830880000 - 0x00007ff8308b4000 	C:\WINDOWS\system32\rsaenh.dll
0x00007ff832050000 - 0x00007ff832077000 	C:\WINDOWS\System32\bcrypt.dll
0x00007ff831660000 - 0x00007ff83168e000 	C:\WINDOWS\SYSTEM32\USERENV.dll
0x00007ff831870000 - 0x00007ff8318ef000 	C:\WINDOWS\System32\bcryptprimitives.dll
0x00007ff831130000 - 0x00007ff83113c000 	C:\WINDOWS\SYSTEM32\CRYPTBASE.dll
0x00007ff830c00000 - 0x00007ff830c3b000 	C:\WINDOWS\SYSTEM32\IPHLPAPI.DLL
0x00007ff832980000 - 0x00007ff832989000 	C:\WINDOWS\System32\NSI.dll
0x00007ff82ad40000 - 0x00007ff82ad57000 	C:\WINDOWS\SYSTEM32\dhcpcsvc6.DLL
0x00007ff82b4c0000 - 0x00007ff82b4dd000 	C:\WINDOWS\SYSTEM32\dhcpcsvc.DLL
0x00007ff830c40000 - 0x00007ff830d0a000 	C:\WINDOWS\SYSTEM32\DNSAPI.dll

VM Arguments:
jvm_args: -Xmx1536m -Dfile.encoding=GBK -Duser.country=CN -Duser.language=zh -Duser.variant 
java_command: org.gradle.launcher.daemon.bootstrap.GradleDaemon 5.1.1
java_class_path (initial): E:\JetBrains\.gradle\wrapper\dists\gradle-5.1.1-all\97z1ksx6lirer3kbvdnh7jtjg\gradle-5.1.1\lib\gradle-launcher-5.1.1.jar
Launcher Type: SUN_STANDARD

Environment Variables:
JAVA_HOME=C:\Program Files\Java\jdk1.8.0_131
CLASSPATH= .;C:\Program Files\Java\jdk1.8.0_131\lib\dt.jar;C:\Program Files\Java\jdk1.8.0_131\lib\tools.jar
PATH=C:\Program Files (x86)\Common Files\Intel\Shared Libraries\redist\intel64_win\compiler;C:\Program Files (x86)\Java\jre1.8.0_211\bin;C:\Program Files (x86)\Intel\Intel(R) Management Engine Components\iCLS\;C:\Program Files\Intel\Intel(R) Management Engine Components\iCLS\;C:\Windows\system32;C:\Windows;C:\Windows\System32\Wbem;C:\Windows\System32\WindowsPowerShell\v1.0\;C:\Program Files (x86)\NVIDIA Corporation\PhysX\Common;C:\Program Files (x86)\Intel\Intel(R) Management Engine Components\DAL;C:\Program Files\Intel\Intel(R) Management Engine Components\DAL;C:\Program Files (x86)\Intel\Intel(R) Management Engine Components\IPT;C:\Program Files\Intel\Intel(R) Management Engine Components\IPT;C:\Program Files\Intel\WiFi\bin\;C:\Program Files\Common Files\Intel\WirelessCommon\;C:\WINDOWS\system32;C:\WINDOWS;C:\WINDOWS\System32\Wbem;C:\WINDOWS\System32\WindowsPowerShell\v1.0\;C:\WINDOWS\System32\OpenSSH\;C:\Program Files\NVIDIA Corporation\NVIDIA NvDLISR;C:\Program Files (x86)\GtkSharp\2.12\bin;C:\Program Files\Java\jdk1.8.0_131\bin;C:\WINDOWS\system32;C:\WINDOWS;C:\WINDOWS\System32\Wbem;C:\WINDOWS\System32\WindowsPowerShell\v1.0\;C:\WINDOWS\System32\OpenSSH\;C:\Program Files\Common Files\Autodesk Shared\;E:\mysql\bin;E:\Git\cmd;E:\Python\Python3\Scripts\;E:\Python\Python3\;E:\Python\Python3\Scripts\;E:\Python\Python3\;C:\Users\frostTide\AppData\Local\Microsoft\WindowsApps;E:\Microsoft VS Code\bin;C:\Users\frostTide\AppData\Local\Microsoft\WindowsApps;E:\CMake\bin;D:\flutter\bin;E:\Android\Sdk\tools;E:\Android\Sdk\platform-tools;
USERNAME=frostTide
OS=Windows_NT
PROCESSOR_IDENTIFIER=Intel64 Family 6 Model 158 Stepping 10, GenuineIntel



---------------  S Y S T E M  ---------------

OS: Windows 10.0 , 64 bit Build 19041 (10.0.19041.292)

CPU:total 6 (initial active 6) (6 cores per cpu, 1 threads per core) family 6 model 158 stepping 10, cmov, cx8, fxsr, mmx, sse, sse2, sse3, ssse3, sse4.1, sse4.2, popcnt, avx, avx2, aes, clmul, erms, 3dnowpref, lzcnt, tsc, tscinvbit, bmi1, bmi2, adx

Memory: 4k page, physical 8232180k(384200k free), swap 21725680k(5552k free)

vm_info: OpenJDK 64-Bit Server VM (25.242-b01) for windows-amd64 JRE (1.8.0_242-release-1644-b01), built by "builder" with MS VC++ 10.0 (VS2010)

time: Sat Oct 17 19:45:47 2020
timezone: 马来西亚半岛标准时间
elapsed time: 5 seconds (0d 0h 0m 5s)

